<?xml version="1.0" encoding="UTF-8" ?>
<testsuite failures="0" time="120.417" errors="4" skipped="0" tests="4" name="com.cblue.store.service.impl.TestActiviMq">
  <properties>
    <property name="java.runtime.name" value="Java(TM) SE Runtime Environment"/>
    <property name="sun.boot.library.path" value="/Library/Java/JavaVirtualMachines/jdk1.7.0_80.jdk/Contents/Home/jre/lib"/>
    <property name="java.vm.version" value="24.80-b11"/>
    <property name="gopherProxySet" value="false"/>
    <property name="java.vm.vendor" value="Oracle Corporation"/>
    <property name="java.vendor.url" value="http://java.oracle.com/"/>
    <property name="path.separator" value=":"/>
    <property name="java.vm.name" value="Java HotSpot(TM) 64-Bit Server VM"/>
    <property name="file.encoding.pkg" value="sun.io"/>
    <property name="user.country" value="CN"/>
    <property name="sun.java.launcher" value="SUN_STANDARD"/>
    <property name="sun.os.patch.level" value="unknown"/>
    <property name="java.vm.specification.name" value="Java Virtual Machine Specification"/>
    <property name="user.dir" value="/Users/pavel/Documents/Store/store_manager/store_manager_service"/>
    <property name="java.runtime.version" value="1.7.0_80-b15"/>
    <property name="java.awt.graphicsenv" value="sun.awt.CGraphicsEnvironment"/>
    <property name="basedir" value="/Users/pavel/Documents/Store/store_manager/store_manager_service"/>
    <property name="java.endorsed.dirs" value="/Library/Java/JavaVirtualMachines/jdk1.7.0_80.jdk/Contents/Home/jre/lib/endorsed"/>
    <property name="os.arch" value="x86_64"/>
    <property name="surefire.real.class.path" value="/Users/pavel/Documents/Store/store_manager/store_manager_service/target/surefire/surefirebooter344308193969292674.jar"/>
    <property name="java.io.tmpdir" value="/var/folders/yn/m1kkpmwj7zd8cgctmxv38slm0000gn/T/"/>
    <property name="line.separator" value="
"/>
    <property name="java.vm.specification.vendor" value="Oracle Corporation"/>
    <property name="os.name" value="Mac OS X"/>
    <property name="sun.jnu.encoding" value="UTF-8"/>
    <property name="java.library.path" value="/Users/pavel/Library/Java/Extensions:/Library/Java/Extensions:/Network/Library/Java/Extensions:/System/Library/Java/Extensions:/usr/lib/java:."/>
    <property name="surefire.test.class.path" value="/Users/pavel/Documents/Store/store_manager/store_manager_service/target/test-classes:/Users/pavel/Documents/Store/store_manager/store_manager_service/target/classes:/Users/pavel/Documents/Store/store_manager/store_manager_dao/target/store_manager_dao.jar:/Users/pavel/Documents/Store/store_manager/store_manager_pojo/target/store_manager_pojo.jar:/Users/pavel/Documents/repo/org/mybatis/mybatis/3.2.8/mybatis-3.2.8.jar:/Users/pavel/Documents/repo/org/mybatis/mybatis-spring/1.2.2/mybatis-spring-1.2.2.jar:/Users/pavel/Documents/repo/com/github/miemiedev/mybatis-paginator/1.2.15/mybatis-paginator-1.2.15.jar:/Users/pavel/Documents/repo/com/github/pagehelper/pagehelper/3.4.2-fix/pagehelper-3.4.2-fix.jar:/Users/pavel/Documents/repo/com/github/jsqlparser/jsqlparser/0.9/jsqlparser-0.9.jar:/Users/pavel/Documents/repo/junit/junit/4.12/junit-4.12.jar:/Users/pavel/Documents/repo/org/hamcrest/hamcrest-core/1.3/hamcrest-core-1.3.jar:/Users/pavel/Documents/repo/mysql/mysql-connector-java/5.1.32/mysql-connector-java-5.1.32.jar:/Users/pavel/Documents/repo/com/alibaba/druid/1.0.9/druid-1.0.9.jar:/Library/Java/JavaVirtualMachines/jdk1.7.0_80.jdk/Contents/Home/jre/../lib/jconsole.jar:/Library/Java/JavaVirtualMachines/jdk1.7.0_80.jdk/Contents/Home/jre/../lib/tools.jar:/Users/pavel/Documents/Store/store_manager/store_manager_interface/target/store_manager_interface.jar:/Users/pavel/Documents/repo/org/springframework/spring-context/4.2.4.RELEASE/spring-context-4.2.4.RELEASE.jar:/Users/pavel/Documents/repo/org/springframework/spring-aop/4.2.4.RELEASE/spring-aop-4.2.4.RELEASE.jar:/Users/pavel/Documents/repo/aopalliance/aopalliance/1.0/aopalliance-1.0.jar:/Users/pavel/Documents/repo/org/springframework/spring-core/4.2.4.RELEASE/spring-core-4.2.4.RELEASE.jar:/Users/pavel/Documents/repo/commons-logging/commons-logging/1.2/commons-logging-1.2.jar:/Users/pavel/Documents/repo/org/springframework/spring-expression/4.2.4.RELEASE/spring-expression-4.2.4.RELEASE.jar:/Users/pavel/Documents/repo/org/springframework/spring-beans/4.2.4.RELEASE/spring-beans-4.2.4.RELEASE.jar:/Users/pavel/Documents/repo/org/springframework/spring-webmvc/4.2.4.RELEASE/spring-webmvc-4.2.4.RELEASE.jar:/Users/pavel/Documents/repo/org/springframework/spring-web/4.2.4.RELEASE/spring-web-4.2.4.RELEASE.jar:/Users/pavel/Documents/repo/org/springframework/spring-jdbc/4.2.4.RELEASE/spring-jdbc-4.2.4.RELEASE.jar:/Users/pavel/Documents/repo/org/springframework/spring-tx/4.2.4.RELEASE/spring-tx-4.2.4.RELEASE.jar:/Users/pavel/Documents/repo/org/springframework/spring-aspects/4.2.4.RELEASE/spring-aspects-4.2.4.RELEASE.jar:/Users/pavel/Documents/repo/org/aspectj/aspectjweaver/1.8.7/aspectjweaver-1.8.7.jar:/Users/pavel/Documents/repo/org/springframework/spring-jms/4.2.4.RELEASE/spring-jms-4.2.4.RELEASE.jar:/Users/pavel/Documents/repo/org/springframework/spring-messaging/4.2.4.RELEASE/spring-messaging-4.2.4.RELEASE.jar:/Users/pavel/Documents/repo/org/springframework/spring-context-support/4.2.4.RELEASE/spring-context-support-4.2.4.RELEASE.jar:/Users/pavel/Documents/repo/com/alibaba/dubbo/2.5.3/dubbo-2.5.3.jar:/Users/pavel/Documents/repo/org/javassist/javassist/3.15.0-GA/javassist-3.15.0-GA.jar:/Users/pavel/Documents/repo/org/apache/zookeeper/zookeeper/3.4.7/zookeeper-3.4.7.jar:/Users/pavel/Documents/repo/org/slf4j/slf4j-api/1.6.1/slf4j-api-1.6.1.jar:/Users/pavel/Documents/repo/org/slf4j/slf4j-log4j12/1.6.4/slf4j-log4j12-1.6.4.jar:/Users/pavel/Documents/repo/log4j/log4j/1.2.16/log4j-1.2.16.jar:/Users/pavel/Documents/repo/jline/jline/0.9.94/jline-0.9.94.jar:/Users/pavel/Documents/repo/io/netty/netty/3.7.0.Final/netty-3.7.0.Final.jar:/Users/pavel/Documents/repo/com/github/sgroschupf/zkclient/0.1/zkclient-0.1.jar:/Users/pavel/Documents/repo/jstl/jstl/1.2/jstl-1.2.jar:/Users/pavel/Documents/repo/javax/servlet/servlet-api/2.5/servlet-api-2.5.jar:/Users/pavel/Documents/repo/javax/servlet/jsp-api/2.0/jsp-api-2.0.jar:/Users/pavel/Documents/repo/commons-fileupload/commons-fileupload/1.3.1/commons-fileupload-1.3.1.jar:/Users/pavel/Documents/repo/commons-io/commons-io/2.2/commons-io-2.2.jar:/Users/pavel/Documents/repo/org/apache/activemq/activemq-all/5.11.2/activemq-all-5.11.2.jar:/Users/pavel/Documents/repo/com/cblue/store_common/0.0.1-SNAPSHOT/store_common-0.0.1-SNAPSHOT.jar:/Users/pavel/Documents/repo/joda-time/joda-time/2.5/joda-time-2.5.jar:/Users/pavel/Documents/repo/org/apache/commons/commons-lang3/3.3.2/commons-lang3-3.3.2.jar:/Users/pavel/Documents/repo/commons-net/commons-net/3.3/commons-net-3.3.jar:/Users/pavel/Documents/repo/com/fasterxml/jackson/core/jackson-databind/2.4.2/jackson-databind-2.4.2.jar:/Users/pavel/Documents/repo/com/fasterxml/jackson/core/jackson-annotations/2.4.0/jackson-annotations-2.4.0.jar:/Users/pavel/Documents/repo/com/fasterxml/jackson/core/jackson-core/2.4.2/jackson-core-2.4.2.jar:/Users/pavel/Documents/repo/org/apache/httpcomponents/httpclient/4.3.5/httpclient-4.3.5.jar:/Users/pavel/Documents/repo/org/apache/httpcomponents/httpcore/4.3.2/httpcore-4.3.2.jar:/Users/pavel/Documents/repo/commons-codec/commons-codec/1.6/commons-codec-1.6.jar:/Users/pavel/Documents/repo/org/quartz-scheduler/quartz/2.2.2/quartz-2.2.2.jar:/Users/pavel/Documents/repo/c3p0/c3p0/0.9.1.1/c3p0-0.9.1.1.jar:/Users/pavel/Documents/repo/fastdfs_client/fastdfs_client/1.25/fastdfs_client-1.25.jar:/Users/pavel/Documents/repo/redis/clients/jedis/2.7.2/jedis-2.7.2.jar:/Users/pavel/Documents/repo/org/apache/commons/commons-pool2/2.3/commons-pool2-2.3.jar:/Users/pavel/Documents/repo/org/apache/directory/studio/org.dom4j.dom4j/1.6.1/org.dom4j.dom4j-1.6.1.jar:/Users/pavel/Documents/repo/dom4j/dom4j/1.6.1/dom4j-1.6.1.jar:/Users/pavel/Documents/repo/commons-httpclient/commons-httpclient/3.1/commons-httpclient-3.1.jar:/Users/pavel/Documents/repo/javax/mail/mail/1.4.7/mail-1.4.7.jar:/Users/pavel/Documents/repo/javax/activation/activation/1.1/activation-1.1.jar:"/>
    <property name="java.specification.name" value="Java Platform API Specification"/>
    <property name="java.class.version" value="51.0"/>
    <property name="sun.management.compiler" value="HotSpot 64-Bit Tiered Compilers"/>
    <property name="os.version" value="10.10.4"/>
    <property name="http.nonProxyHosts" value="local|*.local|169.254/16|*.169.254/16"/>
    <property name="user.home" value="/Users/pavel"/>
    <property name="user.timezone" value=""/>
    <property name="java.awt.printerjob" value="sun.lwawt.macosx.CPrinterJob"/>
    <property name="java.specification.version" value="1.7"/>
    <property name="file.encoding" value="UTF-8"/>
    <property name="user.name" value="pavel"/>
    <property name="java.class.path" value="/Users/pavel/Documents/Store/store_manager/store_manager_service/target/test-classes:/Users/pavel/Documents/Store/store_manager/store_manager_service/target/classes:/Users/pavel/Documents/Store/store_manager/store_manager_dao/target/store_manager_dao.jar:/Users/pavel/Documents/Store/store_manager/store_manager_pojo/target/store_manager_pojo.jar:/Users/pavel/Documents/repo/org/mybatis/mybatis/3.2.8/mybatis-3.2.8.jar:/Users/pavel/Documents/repo/org/mybatis/mybatis-spring/1.2.2/mybatis-spring-1.2.2.jar:/Users/pavel/Documents/repo/com/github/miemiedev/mybatis-paginator/1.2.15/mybatis-paginator-1.2.15.jar:/Users/pavel/Documents/repo/com/github/pagehelper/pagehelper/3.4.2-fix/pagehelper-3.4.2-fix.jar:/Users/pavel/Documents/repo/com/github/jsqlparser/jsqlparser/0.9/jsqlparser-0.9.jar:/Users/pavel/Documents/repo/junit/junit/4.12/junit-4.12.jar:/Users/pavel/Documents/repo/org/hamcrest/hamcrest-core/1.3/hamcrest-core-1.3.jar:/Users/pavel/Documents/repo/mysql/mysql-connector-java/5.1.32/mysql-connector-java-5.1.32.jar:/Users/pavel/Documents/repo/com/alibaba/druid/1.0.9/druid-1.0.9.jar:/Library/Java/JavaVirtualMachines/jdk1.7.0_80.jdk/Contents/Home/jre/../lib/jconsole.jar:/Library/Java/JavaVirtualMachines/jdk1.7.0_80.jdk/Contents/Home/jre/../lib/tools.jar:/Users/pavel/Documents/Store/store_manager/store_manager_interface/target/store_manager_interface.jar:/Users/pavel/Documents/repo/org/springframework/spring-context/4.2.4.RELEASE/spring-context-4.2.4.RELEASE.jar:/Users/pavel/Documents/repo/org/springframework/spring-aop/4.2.4.RELEASE/spring-aop-4.2.4.RELEASE.jar:/Users/pavel/Documents/repo/aopalliance/aopalliance/1.0/aopalliance-1.0.jar:/Users/pavel/Documents/repo/org/springframework/spring-core/4.2.4.RELEASE/spring-core-4.2.4.RELEASE.jar:/Users/pavel/Documents/repo/commons-logging/commons-logging/1.2/commons-logging-1.2.jar:/Users/pavel/Documents/repo/org/springframework/spring-expression/4.2.4.RELEASE/spring-expression-4.2.4.RELEASE.jar:/Users/pavel/Documents/repo/org/springframework/spring-beans/4.2.4.RELEASE/spring-beans-4.2.4.RELEASE.jar:/Users/pavel/Documents/repo/org/springframework/spring-webmvc/4.2.4.RELEASE/spring-webmvc-4.2.4.RELEASE.jar:/Users/pavel/Documents/repo/org/springframework/spring-web/4.2.4.RELEASE/spring-web-4.2.4.RELEASE.jar:/Users/pavel/Documents/repo/org/springframework/spring-jdbc/4.2.4.RELEASE/spring-jdbc-4.2.4.RELEASE.jar:/Users/pavel/Documents/repo/org/springframework/spring-tx/4.2.4.RELEASE/spring-tx-4.2.4.RELEASE.jar:/Users/pavel/Documents/repo/org/springframework/spring-aspects/4.2.4.RELEASE/spring-aspects-4.2.4.RELEASE.jar:/Users/pavel/Documents/repo/org/aspectj/aspectjweaver/1.8.7/aspectjweaver-1.8.7.jar:/Users/pavel/Documents/repo/org/springframework/spring-jms/4.2.4.RELEASE/spring-jms-4.2.4.RELEASE.jar:/Users/pavel/Documents/repo/org/springframework/spring-messaging/4.2.4.RELEASE/spring-messaging-4.2.4.RELEASE.jar:/Users/pavel/Documents/repo/org/springframework/spring-context-support/4.2.4.RELEASE/spring-context-support-4.2.4.RELEASE.jar:/Users/pavel/Documents/repo/com/alibaba/dubbo/2.5.3/dubbo-2.5.3.jar:/Users/pavel/Documents/repo/org/javassist/javassist/3.15.0-GA/javassist-3.15.0-GA.jar:/Users/pavel/Documents/repo/org/apache/zookeeper/zookeeper/3.4.7/zookeeper-3.4.7.jar:/Users/pavel/Documents/repo/org/slf4j/slf4j-api/1.6.1/slf4j-api-1.6.1.jar:/Users/pavel/Documents/repo/org/slf4j/slf4j-log4j12/1.6.4/slf4j-log4j12-1.6.4.jar:/Users/pavel/Documents/repo/log4j/log4j/1.2.16/log4j-1.2.16.jar:/Users/pavel/Documents/repo/jline/jline/0.9.94/jline-0.9.94.jar:/Users/pavel/Documents/repo/io/netty/netty/3.7.0.Final/netty-3.7.0.Final.jar:/Users/pavel/Documents/repo/com/github/sgroschupf/zkclient/0.1/zkclient-0.1.jar:/Users/pavel/Documents/repo/jstl/jstl/1.2/jstl-1.2.jar:/Users/pavel/Documents/repo/javax/servlet/servlet-api/2.5/servlet-api-2.5.jar:/Users/pavel/Documents/repo/javax/servlet/jsp-api/2.0/jsp-api-2.0.jar:/Users/pavel/Documents/repo/commons-fileupload/commons-fileupload/1.3.1/commons-fileupload-1.3.1.jar:/Users/pavel/Documents/repo/commons-io/commons-io/2.2/commons-io-2.2.jar:/Users/pavel/Documents/repo/org/apache/activemq/activemq-all/5.11.2/activemq-all-5.11.2.jar:/Users/pavel/Documents/repo/com/cblue/store_common/0.0.1-SNAPSHOT/store_common-0.0.1-SNAPSHOT.jar:/Users/pavel/Documents/repo/joda-time/joda-time/2.5/joda-time-2.5.jar:/Users/pavel/Documents/repo/org/apache/commons/commons-lang3/3.3.2/commons-lang3-3.3.2.jar:/Users/pavel/Documents/repo/commons-net/commons-net/3.3/commons-net-3.3.jar:/Users/pavel/Documents/repo/com/fasterxml/jackson/core/jackson-databind/2.4.2/jackson-databind-2.4.2.jar:/Users/pavel/Documents/repo/com/fasterxml/jackson/core/jackson-annotations/2.4.0/jackson-annotations-2.4.0.jar:/Users/pavel/Documents/repo/com/fasterxml/jackson/core/jackson-core/2.4.2/jackson-core-2.4.2.jar:/Users/pavel/Documents/repo/org/apache/httpcomponents/httpclient/4.3.5/httpclient-4.3.5.jar:/Users/pavel/Documents/repo/org/apache/httpcomponents/httpcore/4.3.2/httpcore-4.3.2.jar:/Users/pavel/Documents/repo/commons-codec/commons-codec/1.6/commons-codec-1.6.jar:/Users/pavel/Documents/repo/org/quartz-scheduler/quartz/2.2.2/quartz-2.2.2.jar:/Users/pavel/Documents/repo/c3p0/c3p0/0.9.1.1/c3p0-0.9.1.1.jar:/Users/pavel/Documents/repo/fastdfs_client/fastdfs_client/1.25/fastdfs_client-1.25.jar:/Users/pavel/Documents/repo/redis/clients/jedis/2.7.2/jedis-2.7.2.jar:/Users/pavel/Documents/repo/org/apache/commons/commons-pool2/2.3/commons-pool2-2.3.jar:/Users/pavel/Documents/repo/org/apache/directory/studio/org.dom4j.dom4j/1.6.1/org.dom4j.dom4j-1.6.1.jar:/Users/pavel/Documents/repo/dom4j/dom4j/1.6.1/dom4j-1.6.1.jar:/Users/pavel/Documents/repo/commons-httpclient/commons-httpclient/3.1/commons-httpclient-3.1.jar:/Users/pavel/Documents/repo/javax/mail/mail/1.4.7/mail-1.4.7.jar:/Users/pavel/Documents/repo/javax/activation/activation/1.1/activation-1.1.jar:"/>
    <property name="java.vm.specification.version" value="1.7"/>
    <property name="sun.arch.data.model" value="64"/>
    <property name="java.home" value="/Library/Java/JavaVirtualMachines/jdk1.7.0_80.jdk/Contents/Home/jre"/>
    <property name="sun.java.command" value="/Users/pavel/Documents/Store/store_manager/store_manager_service/target/surefire/surefirebooter344308193969292674.jar /Users/pavel/Documents/Store/store_manager/store_manager_service/target/surefire/surefire6492858107362975301tmp /Users/pavel/Documents/Store/store_manager/store_manager_service/target/surefire/surefire3578118791807701913tmp"/>
    <property name="java.specification.vendor" value="Oracle Corporation"/>
    <property name="user.language" value="zh"/>
    <property name="awt.toolkit" value="sun.lwawt.macosx.LWCToolkit"/>
    <property name="java.vm.info" value="mixed mode"/>
    <property name="java.version" value="1.7.0_80"/>
    <property name="java.ext.dirs" value="/Users/pavel/Library/Java/Extensions:/Library/Java/JavaVirtualMachines/jdk1.7.0_80.jdk/Contents/Home/jre/lib/ext:/Library/Java/Extensions:/Network/Library/Java/Extensions:/System/Library/Java/Extensions:/usr/lib/java"/>
    <property name="sun.boot.class.path" value="/Library/Java/JavaVirtualMachines/jdk1.7.0_80.jdk/Contents/Home/jre/lib/resources.jar:/Library/Java/JavaVirtualMachines/jdk1.7.0_80.jdk/Contents/Home/jre/lib/rt.jar:/Library/Java/JavaVirtualMachines/jdk1.7.0_80.jdk/Contents/Home/jre/lib/sunrsasign.jar:/Library/Java/JavaVirtualMachines/jdk1.7.0_80.jdk/Contents/Home/jre/lib/jsse.jar:/Library/Java/JavaVirtualMachines/jdk1.7.0_80.jdk/Contents/Home/jre/lib/jce.jar:/Library/Java/JavaVirtualMachines/jdk1.7.0_80.jdk/Contents/Home/jre/lib/charsets.jar:/Library/Java/JavaVirtualMachines/jdk1.7.0_80.jdk/Contents/Home/jre/lib/jfr.jar:/Library/Java/JavaVirtualMachines/jdk1.7.0_80.jdk/Contents/Home/jre/classes"/>
    <property name="java.vendor" value="Oracle Corporation"/>
    <property name="localRepository" value="/Users/pavel/Documents/repo"/>
    <property name="file.separator" value="/"/>
    <property name="java.vendor.url.bug" value="http://bugreport.sun.com/bugreport/"/>
    <property name="sun.cpu.endian" value="little"/>
    <property name="sun.io.unicode.encoding" value="UnicodeBig"/>
    <property name="socksNonProxyHosts" value="local|*.local|169.254/16|*.169.254/16"/>
    <property name="ftp.nonProxyHosts" value="local|*.local|169.254/16|*.169.254/16"/>
    <property name="sun.cpu.isalist" value=""/>
  </properties>
  <testcase time="30.332" classname="com.cblue.store.service.impl.TestActiviMq" name="testTopicResumer">
    <error message="Could not connect to broker URL: tcp://192.168.0.137:61616. Reason: java.net.SocketTimeoutException: connect timed out" type="javax.jms.JMSException">javax.jms.JMSException: Could not connect to broker URL: tcp://192.168.0.137:61616. Reason: java.net.SocketTimeoutException: connect timed out
	at org.apache.activemq.util.JMSExceptionSupport.create(JMSExceptionSupport.java:36)
	at org.apache.activemq.ActiveMQConnectionFactory.createActiveMQConnection(ActiveMQConnectionFactory.java:360)
	at org.apache.activemq.ActiveMQConnectionFactory.createActiveMQConnection(ActiveMQConnectionFactory.java:305)
	at org.apache.activemq.ActiveMQConnectionFactory.createConnection(ActiveMQConnectionFactory.java:245)
	at com.cblue.store.service.impl.TestActiviMq.testTopicResumer(TestActiviMq.java:136)
	at sun.reflect.NativeMethodAccessorImpl.invoke0(Native Method)
	at sun.reflect.NativeMethodAccessorImpl.invoke(NativeMethodAccessorImpl.java:57)
	at sun.reflect.DelegatingMethodAccessorImpl.invoke(DelegatingMethodAccessorImpl.java:43)
	at java.lang.reflect.Method.invoke(Method.java:606)
	at org.junit.runners.model.FrameworkMethod$1.runReflectiveCall(FrameworkMethod.java:50)
	at org.junit.internal.runners.model.ReflectiveCallable.run(ReflectiveCallable.java:12)
	at org.junit.runners.model.FrameworkMethod.invokeExplosively(FrameworkMethod.java:47)
	at org.junit.internal.runners.statements.InvokeMethod.evaluate(InvokeMethod.java:17)
	at org.junit.runners.ParentRunner.runLeaf(ParentRunner.java:325)
	at org.junit.runners.BlockJUnit4ClassRunner.runChild(BlockJUnit4ClassRunner.java:78)
	at org.junit.runners.BlockJUnit4ClassRunner.runChild(BlockJUnit4ClassRunner.java:57)
	at org.junit.runners.ParentRunner$3.run(ParentRunner.java:290)
	at org.junit.runners.ParentRunner$1.schedule(ParentRunner.java:71)
	at org.junit.runners.ParentRunner.runChildren(ParentRunner.java:288)
	at org.junit.runners.ParentRunner.access$000(ParentRunner.java:58)
	at org.junit.runners.ParentRunner$2.evaluate(ParentRunner.java:268)
	at org.junit.runners.ParentRunner.run(ParentRunner.java:363)
	at org.apache.maven.surefire.junit4.JUnit4TestSet.execute(JUnit4TestSet.java:35)
	at org.apache.maven.surefire.junit4.JUnit4Provider.executeTestSet(JUnit4Provider.java:146)
	at org.apache.maven.surefire.junit4.JUnit4Provider.invoke(JUnit4Provider.java:97)
	at sun.reflect.NativeMethodAccessorImpl.invoke0(Native Method)
	at sun.reflect.NativeMethodAccessorImpl.invoke(NativeMethodAccessorImpl.java:57)
	at sun.reflect.DelegatingMethodAccessorImpl.invoke(DelegatingMethodAccessorImpl.java:43)
	at java.lang.reflect.Method.invoke(Method.java:606)
	at org.apache.maven.surefire.booter.ProviderFactory$ClassLoaderProxy.invoke(ProviderFactory.java:103)
	at com.sun.proxy.$Proxy0.invoke(Unknown Source)
	at org.apache.maven.surefire.booter.SurefireStarter.invokeProvider(SurefireStarter.java:145)
	at org.apache.maven.surefire.booter.SurefireStarter.runSuitesInProcess(SurefireStarter.java:87)
	at org.apache.maven.surefire.booter.ForkedBooter.main(ForkedBooter.java:69)
Caused by: java.net.SocketTimeoutException: connect timed out
	at java.net.PlainSocketImpl.socketConnect(Native Method)
	at java.net.AbstractPlainSocketImpl.doConnect(AbstractPlainSocketImpl.java:339)
	at java.net.AbstractPlainSocketImpl.connectToAddress(AbstractPlainSocketImpl.java:200)
	at java.net.AbstractPlainSocketImpl.connect(AbstractPlainSocketImpl.java:182)
	at java.net.SocksSocketImpl.connect(SocksSocketImpl.java:392)
	at java.net.Socket.connect(Socket.java:579)
	at org.apache.activemq.transport.tcp.TcpTransport.connect(TcpTransport.java:501)
	at org.apache.activemq.transport.tcp.TcpTransport.doStart(TcpTransport.java:464)
	at org.apache.activemq.util.ServiceSupport.start(ServiceSupport.java:55)
	at org.apache.activemq.transport.AbstractInactivityMonitor.start(AbstractInactivityMonitor.java:138)
	at org.apache.activemq.transport.TransportFilter.start(TransportFilter.java:58)
	at org.apache.activemq.transport.WireFormatNegotiator.start(WireFormatNegotiator.java:72)
	at org.apache.activemq.transport.TransportFilter.start(TransportFilter.java:58)
	at org.apache.activemq.transport.TransportFilter.start(TransportFilter.java:58)
	at org.apache.activemq.ActiveMQConnectionFactory.createActiveMQConnection(ActiveMQConnectionFactory.java:340)
	... 32 more
</error>
    <system-out>@HL
@HL-------------------------------------------------------
@HL T E S T S
@HL-------------------------------------------------------
@SLRunning com.cblue.store.service.impl.TestActiviMq
</system-out>
    <system-err>SLF4J: Class path contains multiple SLF4J bindings.
SLF4J: Found binding in [jar:file:/Users/pavel/Documents/repo/org/slf4j/slf4j-log4j12/1.6.4/slf4j-log4j12-1.6.4.jar!/org/slf4j/impl/StaticLoggerBinder.class]
SLF4J: Found binding in [jar:file:/Users/pavel/Documents/repo/org/apache/activemq/activemq-all/5.11.2/activemq-all-5.11.2.jar!/org/slf4j/impl/StaticLoggerBinder.class]
SLF4J: See http://www.slf4j.org/codes.html#multiple_bindings for an explanation.
log4j:WARN No appenders could be found for logger (org.apache.activemq.util.ThreadPoolUtils).
log4j:WARN Please initialize the log4j system properly.
log4j:WARN See http://logging.apache.org/log4j/1.2/faq.html#noconfig for more info.
</system-err>
  </testcase>
  <testcase time="30.007" classname="com.cblue.store.service.impl.TestActiviMq" name="testQueuesProduct">
    <error message="Could not connect to broker URL: tcp://192.168.0.137:61616. Reason: java.net.SocketTimeoutException: connect timed out" type="javax.jms.JMSException">javax.jms.JMSException: Could not connect to broker URL: tcp://192.168.0.137:61616. Reason: java.net.SocketTimeoutException: connect timed out
	at org.apache.activemq.util.JMSExceptionSupport.create(JMSExceptionSupport.java:36)
	at org.apache.activemq.ActiveMQConnectionFactory.createActiveMQConnection(ActiveMQConnectionFactory.java:360)
	at org.apache.activemq.ActiveMQConnectionFactory.createActiveMQConnection(ActiveMQConnectionFactory.java:305)
	at org.apache.activemq.ActiveMQConnectionFactory.createConnection(ActiveMQConnectionFactory.java:245)
	at com.cblue.store.service.impl.TestActiviMq.testQueuesProduct(TestActiviMq.java:28)
	at sun.reflect.NativeMethodAccessorImpl.invoke0(Native Method)
	at sun.reflect.NativeMethodAccessorImpl.invoke(NativeMethodAccessorImpl.java:57)
	at sun.reflect.DelegatingMethodAccessorImpl.invoke(DelegatingMethodAccessorImpl.java:43)
	at java.lang.reflect.Method.invoke(Method.java:606)
	at org.junit.runners.model.FrameworkMethod$1.runReflectiveCall(FrameworkMethod.java:50)
	at org.junit.internal.runners.model.ReflectiveCallable.run(ReflectiveCallable.java:12)
	at org.junit.runners.model.FrameworkMethod.invokeExplosively(FrameworkMethod.java:47)
	at org.junit.internal.runners.statements.InvokeMethod.evaluate(InvokeMethod.java:17)
	at org.junit.runners.ParentRunner.runLeaf(ParentRunner.java:325)
	at org.junit.runners.BlockJUnit4ClassRunner.runChild(BlockJUnit4ClassRunner.java:78)
	at org.junit.runners.BlockJUnit4ClassRunner.runChild(BlockJUnit4ClassRunner.java:57)
	at org.junit.runners.ParentRunner$3.run(ParentRunner.java:290)
	at org.junit.runners.ParentRunner$1.schedule(ParentRunner.java:71)
	at org.junit.runners.ParentRunner.runChildren(ParentRunner.java:288)
	at org.junit.runners.ParentRunner.access$000(ParentRunner.java:58)
	at org.junit.runners.ParentRunner$2.evaluate(ParentRunner.java:268)
	at org.junit.runners.ParentRunner.run(ParentRunner.java:363)
	at org.apache.maven.surefire.junit4.JUnit4TestSet.execute(JUnit4TestSet.java:35)
	at org.apache.maven.surefire.junit4.JUnit4Provider.executeTestSet(JUnit4Provider.java:146)
	at org.apache.maven.surefire.junit4.JUnit4Provider.invoke(JUnit4Provider.java:97)
	at sun.reflect.NativeMethodAccessorImpl.invoke0(Native Method)
	at sun.reflect.NativeMethodAccessorImpl.invoke(NativeMethodAccessorImpl.java:57)
	at sun.reflect.DelegatingMethodAccessorImpl.invoke(DelegatingMethodAccessorImpl.java:43)
	at java.lang.reflect.Method.invoke(Method.java:606)
	at org.apache.maven.surefire.booter.ProviderFactory$ClassLoaderProxy.invoke(ProviderFactory.java:103)
	at com.sun.proxy.$Proxy0.invoke(Unknown Source)
	at org.apache.maven.surefire.booter.SurefireStarter.invokeProvider(SurefireStarter.java:145)
	at org.apache.maven.surefire.booter.SurefireStarter.runSuitesInProcess(SurefireStarter.java:87)
	at org.apache.maven.surefire.booter.ForkedBooter.main(ForkedBooter.java:69)
Caused by: java.net.SocketTimeoutException: connect timed out
	at java.net.PlainSocketImpl.socketConnect(Native Method)
	at java.net.AbstractPlainSocketImpl.doConnect(AbstractPlainSocketImpl.java:339)
	at java.net.AbstractPlainSocketImpl.connectToAddress(AbstractPlainSocketImpl.java:200)
	at java.net.AbstractPlainSocketImpl.connect(AbstractPlainSocketImpl.java:182)
	at java.net.SocksSocketImpl.connect(SocksSocketImpl.java:392)
	at java.net.Socket.connect(Socket.java:579)
	at org.apache.activemq.transport.tcp.TcpTransport.connect(TcpTransport.java:501)
	at org.apache.activemq.transport.tcp.TcpTransport.doStart(TcpTransport.java:464)
	at org.apache.activemq.util.ServiceSupport.start(ServiceSupport.java:55)
	at org.apache.activemq.transport.AbstractInactivityMonitor.start(AbstractInactivityMonitor.java:138)
	at org.apache.activemq.transport.TransportFilter.start(TransportFilter.java:58)
	at org.apache.activemq.transport.WireFormatNegotiator.start(WireFormatNegotiator.java:72)
	at org.apache.activemq.transport.TransportFilter.start(TransportFilter.java:58)
	at org.apache.activemq.transport.TransportFilter.start(TransportFilter.java:58)
	at org.apache.activemq.ActiveMQConnectionFactory.createActiveMQConnection(ActiveMQConnectionFactory.java:340)
	... 32 more
</error>
  </testcase>
  <testcase time="30.004" classname="com.cblue.store.service.impl.TestActiviMq" name="testQueuesConsumer">
    <error message="Could not connect to broker URL: tcp://192.168.0.137:61616. Reason: java.net.SocketTimeoutException: connect timed out" type="javax.jms.JMSException">javax.jms.JMSException: Could not connect to broker URL: tcp://192.168.0.137:61616. Reason: java.net.SocketTimeoutException: connect timed out
	at org.apache.activemq.util.JMSExceptionSupport.create(JMSExceptionSupport.java:36)
	at org.apache.activemq.ActiveMQConnectionFactory.createActiveMQConnection(ActiveMQConnectionFactory.java:360)
	at org.apache.activemq.ActiveMQConnectionFactory.createActiveMQConnection(ActiveMQConnectionFactory.java:305)
	at org.apache.activemq.ActiveMQConnectionFactory.createConnection(ActiveMQConnectionFactory.java:245)
	at com.cblue.store.service.impl.TestActiviMq.testQueuesConsumer(TestActiviMq.java:61)
	at sun.reflect.NativeMethodAccessorImpl.invoke0(Native Method)
	at sun.reflect.NativeMethodAccessorImpl.invoke(NativeMethodAccessorImpl.java:57)
	at sun.reflect.DelegatingMethodAccessorImpl.invoke(DelegatingMethodAccessorImpl.java:43)
	at java.lang.reflect.Method.invoke(Method.java:606)
	at org.junit.runners.model.FrameworkMethod$1.runReflectiveCall(FrameworkMethod.java:50)
	at org.junit.internal.runners.model.ReflectiveCallable.run(ReflectiveCallable.java:12)
	at org.junit.runners.model.FrameworkMethod.invokeExplosively(FrameworkMethod.java:47)
	at org.junit.internal.runners.statements.InvokeMethod.evaluate(InvokeMethod.java:17)
	at org.junit.runners.ParentRunner.runLeaf(ParentRunner.java:325)
	at org.junit.runners.BlockJUnit4ClassRunner.runChild(BlockJUnit4ClassRunner.java:78)
	at org.junit.runners.BlockJUnit4ClassRunner.runChild(BlockJUnit4ClassRunner.java:57)
	at org.junit.runners.ParentRunner$3.run(ParentRunner.java:290)
	at org.junit.runners.ParentRunner$1.schedule(ParentRunner.java:71)
	at org.junit.runners.ParentRunner.runChildren(ParentRunner.java:288)
	at org.junit.runners.ParentRunner.access$000(ParentRunner.java:58)
	at org.junit.runners.ParentRunner$2.evaluate(ParentRunner.java:268)
	at org.junit.runners.ParentRunner.run(ParentRunner.java:363)
	at org.apache.maven.surefire.junit4.JUnit4TestSet.execute(JUnit4TestSet.java:35)
	at org.apache.maven.surefire.junit4.JUnit4Provider.executeTestSet(JUnit4Provider.java:146)
	at org.apache.maven.surefire.junit4.JUnit4Provider.invoke(JUnit4Provider.java:97)
	at sun.reflect.NativeMethodAccessorImpl.invoke0(Native Method)
	at sun.reflect.NativeMethodAccessorImpl.invoke(NativeMethodAccessorImpl.java:57)
	at sun.reflect.DelegatingMethodAccessorImpl.invoke(DelegatingMethodAccessorImpl.java:43)
	at java.lang.reflect.Method.invoke(Method.java:606)
	at org.apache.maven.surefire.booter.ProviderFactory$ClassLoaderProxy.invoke(ProviderFactory.java:103)
	at com.sun.proxy.$Proxy0.invoke(Unknown Source)
	at org.apache.maven.surefire.booter.SurefireStarter.invokeProvider(SurefireStarter.java:145)
	at org.apache.maven.surefire.booter.SurefireStarter.runSuitesInProcess(SurefireStarter.java:87)
	at org.apache.maven.surefire.booter.ForkedBooter.main(ForkedBooter.java:69)
Caused by: java.net.SocketTimeoutException: connect timed out
	at java.net.PlainSocketImpl.socketConnect(Native Method)
	at java.net.AbstractPlainSocketImpl.doConnect(AbstractPlainSocketImpl.java:339)
	at java.net.AbstractPlainSocketImpl.connectToAddress(AbstractPlainSocketImpl.java:200)
	at java.net.AbstractPlainSocketImpl.connect(AbstractPlainSocketImpl.java:182)
	at java.net.SocksSocketImpl.connect(SocksSocketImpl.java:392)
	at java.net.Socket.connect(Socket.java:579)
	at org.apache.activemq.transport.tcp.TcpTransport.connect(TcpTransport.java:501)
	at org.apache.activemq.transport.tcp.TcpTransport.doStart(TcpTransport.java:464)
	at org.apache.activemq.util.ServiceSupport.start(ServiceSupport.java:55)
	at org.apache.activemq.transport.AbstractInactivityMonitor.start(AbstractInactivityMonitor.java:138)
	at org.apache.activemq.transport.TransportFilter.start(TransportFilter.java:58)
	at org.apache.activemq.transport.WireFormatNegotiator.start(WireFormatNegotiator.java:72)
	at org.apache.activemq.transport.TransportFilter.start(TransportFilter.java:58)
	at org.apache.activemq.transport.TransportFilter.start(TransportFilter.java:58)
	at org.apache.activemq.ActiveMQConnectionFactory.createActiveMQConnection(ActiveMQConnectionFactory.java:340)
	... 32 more
</error>
  </testcase>
  <testcase time="30.004" classname="com.cblue.store.service.impl.TestActiviMq" name="testTopicProduct">
    <error message="Could not connect to broker URL: tcp://192.168.0.137:61616. Reason: java.net.SocketTimeoutException: connect timed out" type="javax.jms.JMSException">javax.jms.JMSException: Could not connect to broker URL: tcp://192.168.0.137:61616. Reason: java.net.SocketTimeoutException: connect timed out
	at org.apache.activemq.util.JMSExceptionSupport.create(JMSExceptionSupport.java:36)
	at org.apache.activemq.ActiveMQConnectionFactory.createActiveMQConnection(ActiveMQConnectionFactory.java:360)
	at org.apache.activemq.ActiveMQConnectionFactory.createActiveMQConnection(ActiveMQConnectionFactory.java:305)
	at org.apache.activemq.ActiveMQConnectionFactory.createConnection(ActiveMQConnectionFactory.java:245)
	at com.cblue.store.service.impl.TestActiviMq.testTopicProduct(TestActiviMq.java:106)
	at sun.reflect.NativeMethodAccessorImpl.invoke0(Native Method)
	at sun.reflect.NativeMethodAccessorImpl.invoke(NativeMethodAccessorImpl.java:57)
	at sun.reflect.DelegatingMethodAccessorImpl.invoke(DelegatingMethodAccessorImpl.java:43)
	at java.lang.reflect.Method.invoke(Method.java:606)
	at org.junit.runners.model.FrameworkMethod$1.runReflectiveCall(FrameworkMethod.java:50)
	at org.junit.internal.runners.model.ReflectiveCallable.run(ReflectiveCallable.java:12)
	at org.junit.runners.model.FrameworkMethod.invokeExplosively(FrameworkMethod.java:47)
	at org.junit.internal.runners.statements.InvokeMethod.evaluate(InvokeMethod.java:17)
	at org.junit.runners.ParentRunner.runLeaf(ParentRunner.java:325)
	at org.junit.runners.BlockJUnit4ClassRunner.runChild(BlockJUnit4ClassRunner.java:78)
	at org.junit.runners.BlockJUnit4ClassRunner.runChild(BlockJUnit4ClassRunner.java:57)
	at org.junit.runners.ParentRunner$3.run(ParentRunner.java:290)
	at org.junit.runners.ParentRunner$1.schedule(ParentRunner.java:71)
	at org.junit.runners.ParentRunner.runChildren(ParentRunner.java:288)
	at org.junit.runners.ParentRunner.access$000(ParentRunner.java:58)
	at org.junit.runners.ParentRunner$2.evaluate(ParentRunner.java:268)
	at org.junit.runners.ParentRunner.run(ParentRunner.java:363)
	at org.apache.maven.surefire.junit4.JUnit4TestSet.execute(JUnit4TestSet.java:35)
	at org.apache.maven.surefire.junit4.JUnit4Provider.executeTestSet(JUnit4Provider.java:146)
	at org.apache.maven.surefire.junit4.JUnit4Provider.invoke(JUnit4Provider.java:97)
	at sun.reflect.NativeMethodAccessorImpl.invoke0(Native Method)
	at sun.reflect.NativeMethodAccessorImpl.invoke(NativeMethodAccessorImpl.java:57)
	at sun.reflect.DelegatingMethodAccessorImpl.invoke(DelegatingMethodAccessorImpl.java:43)
	at java.lang.reflect.Method.invoke(Method.java:606)
	at org.apache.maven.surefire.booter.ProviderFactory$ClassLoaderProxy.invoke(ProviderFactory.java:103)
	at com.sun.proxy.$Proxy0.invoke(Unknown Source)
	at org.apache.maven.surefire.booter.SurefireStarter.invokeProvider(SurefireStarter.java:145)
	at org.apache.maven.surefire.booter.SurefireStarter.runSuitesInProcess(SurefireStarter.java:87)
	at org.apache.maven.surefire.booter.ForkedBooter.main(ForkedBooter.java:69)
Caused by: java.net.SocketTimeoutException: connect timed out
	at java.net.PlainSocketImpl.socketConnect(Native Method)
	at java.net.AbstractPlainSocketImpl.doConnect(AbstractPlainSocketImpl.java:339)
	at java.net.AbstractPlainSocketImpl.connectToAddress(AbstractPlainSocketImpl.java:200)
	at java.net.AbstractPlainSocketImpl.connect(AbstractPlainSocketImpl.java:182)
	at java.net.SocksSocketImpl.connect(SocksSocketImpl.java:392)
	at java.net.Socket.connect(Socket.java:579)
	at org.apache.activemq.transport.tcp.TcpTransport.connect(TcpTransport.java:501)
	at org.apache.activemq.transport.tcp.TcpTransport.doStart(TcpTransport.java:464)
	at org.apache.activemq.util.ServiceSupport.start(ServiceSupport.java:55)
	at org.apache.activemq.transport.AbstractInactivityMonitor.start(AbstractInactivityMonitor.java:138)
	at org.apache.activemq.transport.TransportFilter.start(TransportFilter.java:58)
	at org.apache.activemq.transport.WireFormatNegotiator.start(WireFormatNegotiator.java:72)
	at org.apache.activemq.transport.TransportFilter.start(TransportFilter.java:58)
	at org.apache.activemq.transport.TransportFilter.start(TransportFilter.java:58)
	at org.apache.activemq.ActiveMQConnectionFactory.createActiveMQConnection(ActiveMQConnectionFactory.java:340)
	... 32 more
</error>
  </testcase>
</testsuite>